Config path: D:\MemoChat-Qml-Drogon\Memo_ops\runtime\services\chatserver2\config.ini
[ChatAuth]
HmacSecret=memochat-dev-chat-secret
TicketTtlSec=20
[Cluster]
DiscoveryMode=static
Nodes=chatserver1,chatserver2,chatserver3,chatserver4
[FeatureFlags]
chat_group_kafka_primary=false
chat_group_kafka_shadow=false
chat_private_kafka_primary=false
chat_private_kafka_shadow=false
history_index_mongo_read=false
[GateServer]
Port=8080
[Kafka]
BatchNumMessages=1000
Brokers=127.0.0.1:19092
ClientId=memochat-chatserver2
ConsumeRetryMax=5
ConsumerGroup=memochat-chat-workers
EnableIdempotence=true
OutboxBatchSize=100
OutboxRetryBaseMs=1000
OutboxRetryMaxMs=30000
QueueBufferingMaxMs=10
SessionTimeoutMs=10000
TopicGroup=chat.group.v1
TopicGroupDlq=chat.group.dlq.v1
TopicPrivate=chat.private.v1
TopicPrivateDlq=chat.private.dlq.v1
[Log]
Dir=../../artifacts/logs/services/chatserver2
Env=local
Format=json
Level=info
MaxFiles=14
MaxSizeMB=100
Redact=true
RotateMode=daily
ToConsole=true
[Mongo]
Database=memochat
Enabled=true
GroupCollection=group_messages
PrivateCollection=private_messages
Uri=mongodb://memochat_app:123456@127.0.0.1:27017/memochat
[Postgres]
Database=memo_pg
Host=127.0.0.1
Passwd=123456
Port=5432
Schema=memo
SslMode=disable
User=memochat
[Quic]
Alpn=memochat-chat
CertFile=D:\MemoChat-Qml-Drogon\artifacts\certs\quic-dev\server-cert.pem
PfxFile=D:\MemoChat-Qml-Drogon\artifacts\certs\quic-dev\server.pfx
PrivateKeyFile=D:\MemoChat-Qml-Drogon\artifacts\certs\quic-dev\server-key.pem
[RabbitMQ]
ExchangeDirect=memochat.direct
ExchangeDlx=memochat.dlx
Host=127.0.0.1
MaxRetries=5
Password=123456
Port=5672
PrefetchCount=50
RetryDelayMs=5000
Username=memochat
VHost=/
[Redis]
Host=127.0.0.1
Passwd=123456
Port=6379
[RelationBootstrapCache]
TtlSec=15
[Runtime]
AsyncEventBus=kafka
Role=hybrid
TaskBus=rabbitmq
[SelfServer]
Name=chatserver2
[Snowflake]
DatacenterId=1
WorkerId=2
[StatusServer]
Host=127.0.0.1
Port=50052
[Telemetry]
Enabled=true
ExportLogs=true
ExportMetrics=false
ExportTraces=true
OtlpEndpoint=http://127.0.0.1:9411/api/v2/spans
Protocol=zipkin-json
SampleRatio=1.0
ServiceName=ChatServer
ServiceNamespace=memochat
[VarifyServer]
Host=127.0.0.1
Port=50051
[chatserver1]
Enabled=true
Name=chatserver1
QuicHost=127.0.0.1
QuicPort=8190
RpcHost=127.0.0.1
RpcPort=50055
TcpHost=127.0.0.1
TcpPort=8090
[chatserver2]
Enabled=true
Name=chatserver2
QuicHost=127.0.0.1
QuicPort=8191
RpcHost=127.0.0.1
RpcPort=50056
TcpHost=127.0.0.1
TcpPort=8091
[chatserver3]
Enabled=true
Name=chatserver3
QuicHost=127.0.0.1
QuicPort=8192
RpcHost=127.0.0.1
RpcPort=50057
TcpHost=127.0.0.1
TcpPort=8092
[chatserver4]
Enabled=true
Name=chatserver4
QuicHost=127.0.0.1
QuicPort=8193
RpcHost=127.0.0.1
RpcPort=50058
TcpHost=127.0.0.1
TcpPort=8093
{"attrs":{"name":"chatserver2","storage_init_ms":"449"},"duration_ms":0,"env":"local","error_code":"","error_type":"","event":"service.postgresql_ready","level":"info","message":"ChatServer postgresql ready","module":"","peer_service":"","service":"ChatServer","service_instance":"ChatServer@chatserver2.YKSL:25396","ts":"2026-03-28T15:01:06.621Z"}
redis auth status
redis auth status
redis auth status
redis auth status
redis auth status
redis auth status
redis auth status
redis auth status
redis auth status
redis auth status
redis auth status
redis auth status
redis auth status
redis auth status
redis auth status
redis auth status
redis auth status
redis auth status
redis auth status
redis auth status
redis auth status
redis auth status
redis auth status
redis auth status
redis auth status
redis auth status
redis auth status
redis auth status
redis auth status
redis auth status
redis auth status
redis auth status
redis auth status
redis auth status
redis auth status
redis auth status
redis auth status
redis auth status
redis auth status
redis auth status
redis auth status
redis auth status
redis auth status
redis auth status
redis auth status
redis auth status
redis auth status
redis auth status
Execut command [ Del server_online_users_chatserver2 ] success ! 
Execut command [ HSet logincount  chatserver2  0 ] success ! 
{"attrs":{"name":"chatserver2","tracked_uid_count":"0"},"duration_ms":0,"env":"local","error_code":"","error_type":"","event":"service.online_state_reset","level":"info","message":"ChatServer online state reset","module":"","peer_service":"","service":"ChatServer","service_instance":"ChatServer@chatserver2.YKSL:25396","ts":"2026-03-28T15:01:08.215Z"}
Server start success, listen on port : 8091
{"attrs":{"error":"credential_load_failed","host":"127.0.0.1","port":"8191"},"duration_ms":0,"env":"local","error_code":"","error_type":"","event":"quic.ingress.init_failed","level":"warn","message":"ChatServer QUIC ingress initialization failed","module":"","peer_service":"","service":"ChatServer","service_instance":"ChatServer@chatserver2.YKSL:25396","ts":"2026-03-28T15:01:08.256Z"}
{"attrs":{"error":"credential_load_failed","host":"127.0.0.1","name":"chatserver2","port":"8191"},"duration_ms":0,"env":"local","error_code":"","error_type":"","event":"quic.ingress.start_failed","level":"warn","message":"ChatServer QUIC ingress start failed","module":"","peer_service":"","service":"ChatServer","service_instance":"ChatServer@chatserver2.YKSL:25396","ts":"2026-03-28T15:01:08.256Z"}
{"attrs":{"host":"127.0.0.1","port":"8191"},"duration_ms":0,"env":"local","error_code":"","error_type":"","event":"quic.ingress.stop","level":"info","message":"ChatServer QUIC ingress stopped","module":"","peer_service":"","service":"ChatServer","service_instance":"ChatServer@chatserver2.YKSL:25396","ts":"2026-03-28T15:01:08.257Z"}
{"attrs":{"name":"chatserver2","rpc_address":"127.0.0.1:50056"},"duration_ms":0,"env":"local","error_code":"","error_type":"","event":"service.start","level":"info","message":"ChatServer listening","module":"","peer_service":"","service":"ChatServer","service_instance":"ChatServer@chatserver2.YKSL:25396","ts":"2026-03-28T15:01:08.261Z"}
{"attrs":{"configured_backend":"rabbitmq"},"duration_ms":0,"env":"local","error_code":"","error_type":"","event":"chat.task_bus.rabbitmq","level":"info","message":"chat task bus backend selected","module":"","peer_service":"","service":"ChatServer","service_instance":"ChatServer@chatserver2.YKSL:25396","ts":"2026-03-28T15:01:10.293Z"}
{"attrs":{"batch_size":"100","retry_base_ms":"1000","retry_max_ms":"30000"},"duration_ms":0,"env":"local","error_code":"","error_type":"","event":"chat.outbox.started","level":"info","message":"chat outbox relay started","module":"","peer_service":"","service":"ChatServer","service_instance":"ChatServer@chatserver2.YKSL:25396","ts":"2026-03-28T15:01:10.306Z"}
{"attrs":{"brokers":"127.0.0.1:19092","client_id":"memochat-chatserver2","consumer_group":"memochat-chat-workers","topic_group":"chat.group.v1","topic_private":"chat.private.v1"},"duration_ms":0,"env":"local","error_code":"","error_type":"","event":"chat.kafka.started","level":"info","message":"chat kafka event bus started","module":"","peer_service":"","service":"ChatServer","service_instance":"ChatServer@chatserver2.YKSL:25396","ts":"2026-03-28T15:01:10.307Z"}
{"attrs":{"configured_backend":"kafka"},"duration_ms":0,"env":"local","error_code":"","error_type":"","event":"chat.async_event_bus.kafka","level":"info","message":"chat async event bus backend selected","module":"","peer_service":"","service":"ChatServer","service_instance":"ChatServer@chatserver2.YKSL:25396","ts":"2026-03-28T15:01:10.307Z"}
Execut command [ HSet logincount  chatserver2  0 ] success ! 
Execut command [ HSet logincount  chatserver2  0 ] success ! 
Execut command [ HSet logincount  chatserver2  0 ] success ! 
Execut command [ HSet logincount  chatserver2  0 ] success ! 
Execut command [ HSet logincount  chatserver2  0 ] success ! 
Execut command [ HSet logincount  chatserver2  0 ] success ! 
Execut command [ HSet logincount  chatserver2  0 ] success ! 
Execut command [ HSet logincount  chatserver2  0 ] success ! 
Execut command [ HSet logincount  chatserver2  0 ] success ! 
Execut command [ HSet logincount  chatserver2  0 ] success ! 
Execut command [ HSet logincount  chatserver2  0 ] success ! 
Execut command [ HSet logincount  chatserver2  0 ] success ! 
Execut command [ HSet logincount  chatserver2  0 ] success ! 
Execut command [ HSet logincount  chatserver2  0 ] success ! 
Execut command [ HSet logincount  chatserver2  0 ] success ! 
Execut command [ HSet logincount  chatserver2  0 ] success ! 
Execut command [ HSet logincount  chatserver2  0 ] success ! 
Execut command [ HSet logincount  chatserver2  0 ] success ! 
Execut command [ HSet logincount  chatserver2  0 ] success ! 
Execut command [ HSet logincount  chatserver2  0 ] success ! 
Execut command [ HSet logincount  chatserver2  0 ] success ! 
Execut command [ HSet logincount  chatserver2  0 ] success ! 
Execut command [ HSet logincount  chatserver2  0 ] success ! 
Execut command [ HSet logincount  chatserver2  0 ] success ! 
Execut command [ HSet logincount  chatserver2  0 ] success ! 
Execut command [ HSet logincount  chatserver2  0 ] success ! 
Execut command [ HSet logincount  chatserver2  0 ] success ! 
Execut command [ HSet logincount  chatserver2  0 ] success ! 
Execut command [ HSet logincount  chatserver2  0 ] success ! 
Execut command [ HSet logincount  chatserver2  0 ] success ! 
Execut command [ HSet logincount  chatserver2  0 ] success ! 
Execut command [ HSet logincount  chatserver2  0 ] success ! 
Execut command [ HSet logincount  chatserver2  0 ] success ! 
Execut command [ HSet logincount  chatserver2  0 ] success ! 
Execut command [ HSet logincount  chatserver2  0 ] success ! 
Execut command [ HSet logincount  chatserver2  0 ] success ! 
Execut command [ HSet logincount  chatserver2  0 ] success ! 
Execut command [ HSet logincount  chatserver2  0 ] success ! 
Execut command [ HSet logincount  chatserver2  0 ] success ! 
Execut command [ HSet logincount  chatserver2  0 ] success ! 
Execut command [ HSet logincount  chatserver2  0 ] success ! 
Execut command [ HSet logincount  chatserver2  0 ] success ! 
Execut command [ HSet logincount  chatserver2  0 ] success ! 
{"attrs":{"map_size":"0"},"duration_ms":0,"env":"local","error_code":"","error_type":"","event":"usermgr.get_session","level":"info","message":"session not found in local map","module":"","peer_service":"","request_id":"d9b68664d8484450b58f363f48880815","service":"ChatServer","service_instance":"ChatServer@chatserver2.YKSL:25396","trace_id":"f8d5a1fbb66e4446b85753c6f5cbbbcd","ts":"2026-03-28T15:44:46.446Z","uid":"1003"}
[ GET  uip_1003 ] failed
{"attrs":{"error":"task_handler_failed","publish_error":"","retry_count":"2","routing_key":"chat.notify.offline","task_id":"3359276b-9f0c-4d04-8b9b-50be6dfc7ec7","task_type":"offline_notify"},"duration_ms":0,"env":"local","error_code":"","error_type":"","event":"chat.taskbus.rabbitmq_nack","level":"warn","message":"rabbitmq task requeued or dead-lettered","module":"","peer_service":"","request_id":"d9b68664d8484450b58f363f48880815","service":"ChatServer","service_instance":"ChatServer@chatserver2.YKSL:25396","trace_id":"f8d5a1fbb66e4446b85753c6f5cbbbcd","ts":"2026-03-28T15:44:46.460Z"}
{"attrs":{"map_size":"0"},"duration_ms":0,"env":"local","error_code":"","error_type":"","event":"usermgr.get_session","level":"info","message":"session not found in local map","module":"","peer_service":"","request_id":"cb9845b60f39495b85d452655b0d6392","service":"ChatServer","service_instance":"ChatServer@chatserver2.YKSL:25396","trace_id":"31fe2e50918a44b5969ec89243ef204c","ts":"2026-03-28T15:44:52.440Z","uid":"1003"}
[ GET  uip_1003 ] failed
{"attrs":{"error":"task_handler_failed","publish_error":"","retry_count":"3","routing_key":"chat.notify.offline","task_id":"0fbd731d-9f24-4379-b10c-2fc315edd7c4","task_type":"offline_notify"},"duration_ms":0,"env":"local","error_code":"","error_type":"","event":"chat.taskbus.rabbitmq_nack","level":"warn","message":"rabbitmq task requeued or dead-lettered","module":"","peer_service":"","request_id":"cb9845b60f39495b85d452655b0d6392","service":"ChatServer","service_instance":"ChatServer@chatserver2.YKSL:25396","trace_id":"31fe2e50918a44b5969ec89243ef204c","ts":"2026-03-28T15:44:52.445Z"}
{"attrs":{"map_size":"0"},"duration_ms":0,"env":"local","error_code":"","error_type":"","event":"usermgr.get_session","level":"info","message":"session not found in local map","module":"","peer_service":"","request_id":"b45990e4feec47688f35a42ebf277c5b","service":"ChatServer","service_instance":"ChatServer@chatserver2.YKSL:25396","trace_id":"42a605aa562c4d92af78225af2afb386","ts":"2026-03-28T15:44:56.833Z","uid":"1003"}
[ GET  uip_1003 ] failed
{"attrs":{"error":"task_handler_failed","publish_error":"","retry_count":"1","routing_key":"chat.notify.offline","task_id":"7f3c44e9-4d68-40bd-ae5b-9c1fce1500ba","task_type":"offline_notify"},"duration_ms":0,"env":"local","error_code":"","error_type":"","event":"chat.taskbus.rabbitmq_nack","level":"warn","message":"rabbitmq task requeued or dead-lettered","module":"","peer_service":"","request_id":"b45990e4feec47688f35a42ebf277c5b","service":"ChatServer","service_instance":"ChatServer@chatserver2.YKSL:25396","trace_id":"42a605aa562c4d92af78225af2afb386","ts":"2026-03-28T15:44:56.952Z"}
{"attrs":{"map_size":"0"},"duration_ms":0,"env":"local","error_code":"","error_type":"","event":"usermgr.get_session","level":"info","message":"session not found in local map","module":"","peer_service":"","request_id":"4f89f7841fd142e7a6864534cbad22d7","service":"ChatServer","service_instance":"ChatServer@chatserver2.YKSL:25396","trace_id":"ae9b40ee2fa54a7e922e388c11e63f71","ts":"2026-03-28T15:44:57.612Z","uid":"1003"}
[ GET  uip_1003 ] failed
{"attrs":{"error":"task_handler_failed","publish_error":"","retry_count":"3","routing_key":"chat.notify.offline","task_id":"991a16cc-53fa-4911-999b-5b3239135b8e","task_type":"offline_notify"},"duration_ms":0,"env":"local","error_code":"","error_type":"","event":"chat.taskbus.rabbitmq_nack","level":"warn","message":"rabbitmq task requeued or dead-lettered","module":"","peer_service":"","request_id":"4f89f7841fd142e7a6864534cbad22d7","service":"ChatServer","service_instance":"ChatServer@chatserver2.YKSL:25396","trace_id":"ae9b40ee2fa54a7e922e388c11e63f71","ts":"2026-03-28T15:44:57.698Z"}
{"attrs":{"map_size":"0"},"duration_ms":0,"env":"local","error_code":"","error_type":"","event":"usermgr.get_session","level":"info","message":"session not found in local map","module":"","peer_service":"","request_id":"5e06226c946a4b4298f6040cf04629bf","service":"ChatServer","service_instance":"ChatServer@chatserver2.YKSL:25396","trace_id":"65cbe00b96344773ac8c224bab05d097","ts":"2026-03-28T15:44:58.727Z","uid":"1003"}
[ GET  uip_1003 ] failed
{"attrs":{"error":"task_handler_failed","publish_error":"","retry_count":"1","routing_key":"chat.notify.offline","task_id":"a6e2241d-8a46-4033-8279-4fb5ab805361","task_type":"offline_notify"},"duration_ms":0,"env":"local","error_code":"","error_type":"","event":"chat.taskbus.rabbitmq_nack","level":"warn","message":"rabbitmq task requeued or dead-lettered","module":"","peer_service":"","request_id":"5e06226c946a4b4298f6040cf04629bf","service":"ChatServer","service_instance":"ChatServer@chatserver2.YKSL:25396","trace_id":"65cbe00b96344773ac8c224bab05d097","ts":"2026-03-28T15:44:58.738Z"}
{"attrs":{"map_size":"0"},"duration_ms":0,"env":"local","error_code":"","error_type":"","event":"usermgr.get_session","level":"info","message":"session not found in local map","module":"","peer_service":"","request_id":"91419ff09ca74c41a9c7baaa9f12f364","service":"ChatServer","service_instance":"ChatServer@chatserver2.YKSL:25396","trace_id":"21c13f5961f9464da0accec31201f40b","ts":"2026-03-28T15:45:02.478Z","uid":"1003"}
[ GET  uip_1003 ] failed
{"attrs":{"error":"task_handler_failed","publish_error":"","retry_count":"2","routing_key":"chat.notify.offline","task_id":"70ee2812-657e-44b1-8beb-bd467284adaa","task_type":"offline_notify"},"duration_ms":0,"env":"local","error_code":"","error_type":"","event":"chat.taskbus.rabbitmq_nack","level":"warn","message":"rabbitmq task requeued or dead-lettered","module":"","peer_service":"","request_id":"91419ff09ca74c41a9c7baaa9f12f364","service":"ChatServer","service_instance":"ChatServer@chatserver2.YKSL:25396","trace_id":"21c13f5961f9464da0accec31201f40b","ts":"2026-03-28T15:45:02.483Z"}
{"attrs":{"map_size":"0"},"duration_ms":0,"env":"local","error_code":"","error_type":"","event":"usermgr.get_session","level":"info","message":"session not found in local map","module":"","peer_service":"","request_id":"bd6211693fcd408e95f71929c2674001","service":"ChatServer","service_instance":"ChatServer@chatserver2.YKSL:25396","trace_id":"d22cb328d10543d3af3b892b220706ab","ts":"2026-03-28T15:45:02.609Z","uid":"1003"}
[ GET  uip_1003 ] failed
{"attrs":{"error":"task_handler_failed","publish_error":"","retry_count":"2","routing_key":"chat.notify.offline","task_id":"3730cef1-26b2-486c-b4be-c74257c0b9ef","task_type":"offline_notify"},"duration_ms":0,"env":"local","error_code":"","error_type":"","event":"chat.taskbus.rabbitmq_nack","level":"warn","message":"rabbitmq task requeued or dead-lettered","module":"","peer_service":"","request_id":"bd6211693fcd408e95f71929c2674001","service":"ChatServer","service_instance":"ChatServer@chatserver2.YKSL:25396","trace_id":"d22cb328d10543d3af3b892b220706ab","ts":"2026-03-28T15:45:02.614Z"}
{"attrs":{"map_size":"0"},"duration_ms":0,"env":"local","error_code":"","error_type":"","event":"usermgr.get_session","level":"info","message":"session not found in local map","module":"","peer_service":"","request_id":"53eeb288bc4f4d7eb88128d13fbdd037","service":"ChatServer","service_instance":"ChatServer@chatserver2.YKSL:25396","trace_id":"fe4e68f7f5b541f3ab73aa56e4e4bd89","ts":"2026-03-28T15:45:04.392Z","uid":"1060"}
[ GET  uip_1060 ] failed
{"attrs":{"error":"task_handler_failed","publish_error":"","retry_count":"1","routing_key":"chat.notify.offline","task_id":"2d5731d3-b886-4f71-a75c-29fee1349cd9","task_type":"offline_notify"},"duration_ms":0,"env":"local","error_code":"","error_type":"","event":"chat.taskbus.rabbitmq_nack","level":"warn","message":"rabbitmq task requeued or dead-lettered","module":"","peer_service":"","request_id":"53eeb288bc4f4d7eb88128d13fbdd037","service":"ChatServer","service_instance":"ChatServer@chatserver2.YKSL:25396","trace_id":"fe4e68f7f5b541f3ab73aa56e4e4bd89","ts":"2026-03-28T15:45:04.400Z"}
{"attrs":{"map_size":"0"},"duration_ms":0,"env":"local","error_code":"","error_type":"","event":"usermgr.get_session","level":"info","message":"session not found in local map","module":"","peer_service":"","request_id":"b45990e4feec47688f35a42ebf277c5b","service":"ChatServer","service_instance":"ChatServer@chatserver2.YKSL:25396","trace_id":"42a605aa562c4d92af78225af2afb386","ts":"2026-03-28T15:45:06.774Z","uid":"1003"}
[ GET  uip_1003 ] failed
{"attrs":{"error":"task_handler_failed","publish_error":"","retry_count":"3","routing_key":"chat.notify.offline","task_id":"7f3c44e9-4d68-40bd-ae5b-9c1fce1500ba","task_type":"offline_notify"},"duration_ms":0,"env":"local","error_code":"","error_type":"","event":"chat.taskbus.rabbitmq_nack","level":"warn","message":"rabbitmq task requeued or dead-lettered","module":"","peer_service":"","request_id":"b45990e4feec47688f35a42ebf277c5b","service":"ChatServer","service_instance":"ChatServer@chatserver2.YKSL:25396","trace_id":"42a605aa562c4d92af78225af2afb386","ts":"2026-03-28T15:45:06.897Z"}
{"attrs":{"map_size":"0"},"duration_ms":0,"env":"local","error_code":"","error_type":"","event":"usermgr.get_session","level":"info","message":"session not found in local map","module":"","peer_service":"","request_id":"4f89f7841fd142e7a6864534cbad22d7","service":"ChatServer","service_instance":"ChatServer@chatserver2.YKSL:25396","trace_id":"ae9b40ee2fa54a7e922e388c11e63f71","ts":"2026-03-28T15:45:07.459Z","uid":"1003"}
[ GET  uip_1003 ] failed
{"attrs":{"error":"task_handler_failed","publish_error":"","retry_count":"5","routing_key":"chat.notify.offline","task_id":"991a16cc-53fa-4911-999b-5b3239135b8e","task_type":"offline_notify"},"duration_ms":0,"env":"local","error_code":"","error_type":"","event":"chat.taskbus.rabbitmq_nack","level":"warn","message":"rabbitmq task requeued or dead-lettered","module":"","peer_service":"","request_id":"4f89f7841fd142e7a6864534cbad22d7","service":"ChatServer","service_instance":"ChatServer@chatserver2.YKSL:25396","trace_id":"ae9b40ee2fa54a7e922e388c11e63f71","ts":"2026-03-28T15:45:07.474Z"}
{"attrs":{"map_size":"0"},"duration_ms":0,"env":"local","error_code":"","error_type":"","event":"usermgr.get_session","level":"info","message":"session not found in local map","module":"","peer_service":"","request_id":"5e06226c946a4b4298f6040cf04629bf","service":"ChatServer","service_instance":"ChatServer@chatserver2.YKSL:25396","trace_id":"65cbe00b96344773ac8c224bab05d097","ts":"2026-03-28T15:45:08.654Z","uid":"1003"}
[ GET  uip_1003 ] failed
{"attrs":{"error":"task_handler_failed","publish_error":"","retry_count":"3","routing_key":"chat.notify.offline","task_id":"a6e2241d-8a46-4033-8279-4fb5ab805361","task_type":"offline_notify"},"duration_ms":0,"env":"local","error_code":"","error_type":"","event":"chat.taskbus.rabbitmq_nack","level":"warn","message":"rabbitmq task requeued or dead-lettered","module":"","peer_service":"","request_id":"5e06226c946a4b4298f6040cf04629bf","service":"ChatServer","service_instance":"ChatServer@chatserver2.YKSL:25396","trace_id":"65cbe00b96344773ac8c224bab05d097","ts":"2026-03-28T15:45:08.687Z"}
Execut command [ HSet logincount  chatserver2  0 ] success ! 
{"attrs":{"map_size":"0"},"duration_ms":0,"env":"local","error_code":"","error_type":"","event":"usermgr.get_session","level":"info","message":"session not found in local map","module":"","peer_service":"","request_id":"0e365bc57724419fb0f474f75391471f","service":"ChatServer","service_instance":"ChatServer@chatserver2.YKSL:25396","trace_id":"ca98e717f37d4769a1bbb0363663fc2d","ts":"2026-03-28T15:45:11.082Z","uid":"1003"}
[ GET  uip_1003 ] failed
{"attrs":{"error":"task_handler_failed","publish_error":"","retry_count":"4","routing_key":"chat.notify.offline","task_id":"64182b1b-a848-4046-90e9-333ec7d36878","task_type":"offline_notify"},"duration_ms":0,"env":"local","error_code":"","error_type":"","event":"chat.taskbus.rabbitmq_nack","level":"warn","message":"rabbitmq task requeued or dead-lettered","module":"","peer_service":"","request_id":"0e365bc57724419fb0f474f75391471f","service":"ChatServer","service_instance":"ChatServer@chatserver2.YKSL:25396","trace_id":"ca98e717f37d4769a1bbb0363663fc2d","ts":"2026-03-28T15:45:11.131Z"}
{"attrs":{"map_size":"0"},"duration_ms":0,"env":"local","error_code":"","error_type":"","event":"usermgr.get_session","level":"info","message":"session not found in local map","module":"","peer_service":"","request_id":"bd6211693fcd408e95f71929c2674001","service":"ChatServer","service_instance":"ChatServer@chatserver2.YKSL:25396","trace_id":"d22cb328d10543d3af3b892b220706ab","ts":"2026-03-28T15:45:12.325Z","uid":"1003"}
[ GET  uip_1003 ] failed
{"attrs":{"error":"task_handler_failed","publish_error":"","retry_count":"4","routing_key":"chat.notify.offline","task_id":"3730cef1-26b2-486c-b4be-c74257c0b9ef","task_type":"offline_notify"},"duration_ms":0,"env":"local","error_code":"","error_type":"","event":"chat.taskbus.rabbitmq_nack","level":"warn","message":"rabbitmq task requeued or dead-lettered","module":"","peer_service":"","request_id":"bd6211693fcd408e95f71929c2674001","service":"ChatServer","service_instance":"ChatServer@chatserver2.YKSL:25396","trace_id":"d22cb328d10543d3af3b892b220706ab","ts":"2026-03-28T15:45:12.358Z"}
{"attrs":{"map_size":"0"},"duration_ms":0,"env":"local","error_code":"","error_type":"","event":"usermgr.get_session","level":"info","message":"session not found in local map","module":"","peer_service":"","request_id":"53eeb288bc4f4d7eb88128d13fbdd037","service":"ChatServer","service_instance":"ChatServer@chatserver2.YKSL:25396","trace_id":"fe4e68f7f5b541f3ab73aa56e4e4bd89","ts":"2026-03-28T15:45:14.141Z","uid":"1060"}
[ GET  uip_1060 ] failed
{"attrs":{"error":"task_handler_failed","publish_error":"","retry_count":"3","routing_key":"chat.notify.offline","task_id":"2d5731d3-b886-4f71-a75c-29fee1349cd9","task_type":"offline_notify"},"duration_ms":0,"env":"local","error_code":"","error_type":"","event":"chat.taskbus.rabbitmq_nack","level":"warn","message":"rabbitmq task requeued or dead-lettered","module":"","peer_service":"","request_id":"53eeb288bc4f4d7eb88128d13fbdd037","service":"ChatServer","service_instance":"ChatServer@chatserver2.YKSL:25396","trace_id":"fe4e68f7f5b541f3ab73aa56e4e4bd89","ts":"2026-03-28T15:45:14.145Z"}
{"attrs":{"map_size":"0"},"duration_ms":0,"env":"local","error_code":"","error_type":"","event":"usermgr.get_session","level":"info","message":"session not found in local map","module":"","peer_service":"","request_id":"b45990e4feec47688f35a42ebf277c5b","service":"ChatServer","service_instance":"ChatServer@chatserver2.YKSL:25396","trace_id":"42a605aa562c4d92af78225af2afb386","ts":"2026-03-28T15:45:17.844Z","uid":"1003"}
[ GET  uip_1003 ] failed
{"attrs":{"error":"task_handler_failed","publish_error":"","retry_count":"5","routing_key":"chat.notify.offline","task_id":"7f3c44e9-4d68-40bd-ae5b-9c1fce1500ba","task_type":"offline_notify"},"duration_ms":0,"env":"local","error_code":"","error_type":"","event":"chat.taskbus.rabbitmq_nack","level":"warn","message":"rabbitmq task requeued or dead-lettered","module":"","peer_service":"","request_id":"b45990e4feec47688f35a42ebf277c5b","service":"ChatServer","service_instance":"ChatServer@chatserver2.YKSL:25396","trace_id":"42a605aa562c4d92af78225af2afb386","ts":"2026-03-28T15:45:17.886Z"}
{"attrs":{"map_size":"0"},"duration_ms":0,"env":"local","error_code":"","error_type":"","event":"usermgr.get_session","level":"info","message":"session not found in local map","module":"","peer_service":"","request_id":"b01275feb4054f679b6d1351b0f7de08","service":"ChatServer","service_instance":"ChatServer@chatserver2.YKSL:25396","trace_id":"b4eda53b3a814ae8acc74aa998a856d6","ts":"2026-03-28T15:45:19.594Z","uid":"1003"}
[ GET  uip_1003 ] failed
{"attrs":{"error":"task_handler_failed","publish_error":"","retry_count":"5","routing_key":"chat.notify.offline","task_id":"32d8508b-d494-4026-bc23-350d6ad33954","task_type":"offline_notify"},"duration_ms":0,"env":"local","error_code":"","error_type":"","event":"chat.taskbus.rabbitmq_nack","level":"warn","message":"rabbitmq task requeued or dead-lettered","module":"","peer_service":"","request_id":"b01275feb4054f679b6d1351b0f7de08","service":"ChatServer","service_instance":"ChatServer@chatserver2.YKSL:25396","trace_id":"b4eda53b3a814ae8acc74aa998a856d6","ts":"2026-03-28T15:45:19.610Z"}
{"attrs":{"map_size":"0"},"duration_ms":0,"env":"local","error_code":"","error_type":"","event":"usermgr.get_session","level":"info","message":"session not found in local map","module":"","peer_service":"","request_id":"0e365bc57724419fb0f474f75391471f","service":"ChatServer","service_instance":"ChatServer@chatserver2.YKSL:25396","trace_id":"ca98e717f37d4769a1bbb0363663fc2d","ts":"2026-03-28T15:45:22.071Z","uid":"1003"}
[ GET  uip_1003 ] failed
{"attrs":{"error":"task_handler_failed","publish_error":"","retry_count":"6","routing_key":"chat.notify.offline","task_id":"64182b1b-a848-4046-90e9-333ec7d36878","task_type":"offline_notify"},"duration_ms":0,"env":"local","error_code":"","error_type":"","event":"chat.taskbus.rabbitmq_nack","level":"warn","message":"rabbitmq task requeued or dead-lettered","module":"","peer_service":"","request_id":"0e365bc57724419fb0f474f75391471f","service":"ChatServer","service_instance":"ChatServer@chatserver2.YKSL:25396","trace_id":"ca98e717f37d4769a1bbb0363663fc2d","ts":"2026-03-28T15:45:22.091Z"}
{"attrs":{"map_size":"0"},"duration_ms":0,"env":"local","error_code":"","error_type":"","event":"usermgr.get_session","level":"info","message":"session not found in local map","module":"","peer_service":"","request_id":"bd6211693fcd408e95f71929c2674001","service":"ChatServer","service_instance":"ChatServer@chatserver2.YKSL:25396","trace_id":"d22cb328d10543d3af3b892b220706ab","ts":"2026-03-28T15:45:23.346Z","uid":"1003"}
[ GET  uip_1003 ] failed
{"attrs":{"error":"task_handler_failed","publish_error":"","retry_count":"6","routing_key":"chat.notify.offline","task_id":"3730cef1-26b2-486c-b4be-c74257c0b9ef","task_type":"offline_notify"},"duration_ms":0,"env":"local","error_code":"","error_type":"","event":"chat.taskbus.rabbitmq_nack","level":"warn","message":"rabbitmq task requeued or dead-lettered","module":"","peer_service":"","request_id":"bd6211693fcd408e95f71929c2674001","service":"ChatServer","service_instance":"ChatServer@chatserver2.YKSL:25396","trace_id":"d22cb328d10543d3af3b892b220706ab","ts":"2026-03-28T15:45:23.410Z"}
{"attrs":{"map_size":"0"},"duration_ms":0,"env":"local","error_code":"","error_type":"","event":"usermgr.get_session","level":"info","message":"session not found in local map","module":"","peer_service":"","request_id":"53eeb288bc4f4d7eb88128d13fbdd037","service":"ChatServer","service_instance":"ChatServer@chatserver2.YKSL:25396","trace_id":"fe4e68f7f5b541f3ab73aa56e4e4bd89","ts":"2026-03-28T15:45:25.301Z","uid":"1060"}
[ GET  uip_1060 ] failed
{"attrs":{"error":"task_handler_failed","publish_error":"","retry_count":"5","routing_key":"chat.notify.offline","task_id":"2d5731d3-b886-4f71-a75c-29fee1349cd9","task_type":"offline_notify"},"duration_ms":0,"env":"local","error_code":"","error_type":"","event":"chat.taskbus.rabbitmq_nack","level":"warn","message":"rabbitmq task requeued or dead-lettered","module":"","peer_service":"","request_id":"53eeb288bc4f4d7eb88128d13fbdd037","service":"ChatServer","service_instance":"ChatServer@chatserver2.YKSL:25396","trace_id":"fe4e68f7f5b541f3ab73aa56e4e4bd89","ts":"2026-03-28T15:45:25.376Z"}
Execut command [ HSet logincount  chatserver2  0 ] success ! 
Execut command [ HSet logincount  chatserver2  0 ] success ! 
Execut command [ HSet logincount  chatserver2  0 ] success ! 
Execut command [ HSet logincount  chatserver2  0 ] success ! 
Execut command [ HSet logincount  chatserver2  0 ] success ! 
Execut command [ HSet logincount  chatserver2  0 ] success ! 
Execut command [ HSet logincount  chatserver2  0 ] success ! 
Execut command [ HSet logincount  chatserver2  0 ] success ! 
Execut command [ HSet logincount  chatserver2  0 ] success ! 
Execut command [ HSet logincount  chatserver2  0 ] success ! 
Execut command [ HSet logincount  chatserver2  0 ] success ! 
Execut command [ HSet logincount  chatserver2  0 ] success ! 
Execut command [ HSet logincount  chatserver2  0 ] success ! 
Execut command [ HSet logincount  chatserver2  0 ] success ! 
Execut command [ HSet logincount  chatserver2  0 ] success ! 
Connection error: 1
Connection error: 1
Connection error: 1
Connection error: 1
Connection error: 1
Connection error: 1
Connection error: 1
Connection error: 1
Connection error: 1
Connection error: 1
Connection error: 1
Connection error: 1
Connection error: 1
Connection error: 1
Connection error: 1
Connection error: 1
Connection error: 1
Connection error: 1
Connection error: 1
Connection error: 1
Connection error: 1
Connection error: 1
Connection error: 1
Connection error: 1
Connection error: 1
Connection error: 1
Connection error: 1
Connection error: 1
Connection error: 1
Connection error: 1
Connection error: 1
Connection error: 1
Connection error: 1
Connection error: 1
Connection error: 1
Connection error: 1
Connection error: 1
Connection error: 1
Connection error: 1
Connection error: 1
Connection error: 1
Connection error: 1
Connection error: 1
Connection error: 1
Connection error: 1
Connection error: 1
Connection error: 1
Connection error: 1
