Config path: d:\MemoChat-Qml-Drogon\Memo_ops\runtime\services\chatserver1\config.ini
[ChatAuth]
HmacSecret=memochat-dev-chat-secret
TicketTtlSec=20
[Cluster]
DiscoveryMode=static
Nodes=chatserver1,chatserver2,chatserver3,chatserver4
[FeatureFlags]
chat_group_kafka_primary=false
chat_group_kafka_shadow=false
chat_private_kafka_primary=false
chat_private_kafka_shadow=false
history_index_mongo_read=false
[GateServer]
Port=8080
[Log]
Dir=../../artifacts/logs/services/chatserver1
Env=local
Format=json
Level=info
MaxFiles=14
MaxSizeMB=100
Redact=true
RotateMode=daily
ToConsole=true
[Mongo]
Database=memochat
Enabled=true
GroupCollection=group_messages
PrivateCollection=private_messages
Uri=mongodb://memochat_app:123456@127.0.0.1:27017/memochat
[Postgres]
Database=memo_pg
Host=127.0.0.1
Passwd=123456
Port=5432
Schema=memo
SslMode=disable
User=memochat
[Redis]
Host=127.0.0.1
Passwd=123456
Port=6379
[RelationBootstrapCache]
TtlSec=15
[Runtime]
Role=ingress
[SelfServer]
Name=chatserver1
[StatusServer]
Host=127.0.0.1
Port=50052
[Telemetry]
Enabled=true
ExportLogs=true
ExportMetrics=false
ExportTraces=true
OtlpEndpoint=http://127.0.0.1:9411/api/v2/spans
Protocol=zipkin-json
SampleRatio=1.0
ServiceName=ChatServer
ServiceNamespace=memochat
[VarifyServer]
Host=127.0.0.1
Port=50051
[chatserver1]
Enabled=true
Name=chatserver1
RpcHost=127.0.0.1
RpcPort=50055
TcpHost=127.0.0.1
TcpPort=8090
[chatserver2]
Enabled=true
Name=chatserver2
RpcHost=127.0.0.1
RpcPort=50056
TcpHost=127.0.0.1
TcpPort=8091
[chatserver3]
Enabled=true
Name=chatserver3
RpcHost=127.0.0.1
RpcPort=50057
TcpHost=127.0.0.1
TcpPort=8092
[chatserver4]
Enabled=true
Name=chatserver4
RpcHost=127.0.0.1
RpcPort=50058
TcpHost=127.0.0.1
TcpPort=8093
warmup relation bootstrap queries failed: connection to server at "127.0.0.1", port 5432 failed: Connection refused (0x0000274D/10061)
	Is the server running on that host and accepting TCP/IP connections?

{"attrs":{"name":"chatserver1","storage_init_ms":"2070"},"duration_ms":0,"env":"local","error_code":"","error_type":"","event":"service.postgresql_ready","level":"info","message":"ChatServer postgresql ready","module":"","peer_service":"","service":"ChatServer","service_instance":"ChatServer@chatserver1.YKSL:708","ts":"2026-03-14T16:25:11.134Z"}
